20:39:37.525 [main] INFO  org.testng.internal.Utils - [TestNG] Running:
  D:\Software\Ec WS\OpenCartv1.0.1\master.xml

20:39:41.269 [main] INFO  testCases.TC002_LoginTest - ***** Starting TC002_Test*****
20:39:43.022 [main] INFO  testCases.TC002_LoginTest - ***** Finished TC002_Test*****
13:35:18.319 [main] INFO  org.testng.internal.Utils - [TestNG] Running:
  D:\Software\Ec WS\OpenCartv1.0.1\master.xml

13:41:09.461 [main] INFO  org.testng.internal.Utils - [TestNG] Running:
  D:\Software\Ec WS\OpenCartv1.0.1\master.xml

13:46:54.258 [main] INFO  org.testng.internal.Utils - [TestNG] Running:
  D:\Software\Ec WS\OpenCartv1.0.1\master.xml

13:47:21.042 [main] INFO  testCases.TC003_LoginDDT - ****Starting the TC003 test*******
13:47:24.778 [main] INFO  testCases.TC003_LoginDDT - ****Finished the TC003 test*******
13:47:24.785 [main] INFO  testCases.TC003_LoginDDT - ****Starting the TC003 test*******
13:47:29.328 [main] INFO  testCases.TC003_LoginDDT - ****Starting the TC003 test*******
13:47:32.689 [main] INFO  testCases.TC003_LoginDDT - ****Starting the TC003 test*******
13:47:35.975 [main] INFO  testCases.TC003_LoginDDT - ****Finished the TC003 test*******
13:47:35.978 [main] INFO  testCases.TC003_LoginDDT - ****Starting the TC003 test*******
14:05:27.233 [main] INFO  org.testng.internal.Utils - [TestNG] Running:
  D:\Software\Ec WS\OpenCartv1.0.1\grouping.xml

14:05:57.299 [main] INFO  testCases.TC003_LoginDDT - ****Starting the TC003 test*******
14:06:00.321 [main] INFO  testCases.TC003_LoginDDT - ****Finished the TC003 test*******
14:06:00.328 [main] INFO  testCases.TC003_LoginDDT - ****Starting the TC003 test*******
14:06:03.994 [main] INFO  testCases.TC003_LoginDDT - ****Starting the TC003 test*******
14:06:07.729 [main] INFO  testCases.TC003_LoginDDT - ****Starting the TC003 test*******
14:06:11.479 [main] INFO  testCases.TC003_LoginDDT - ****Finished the TC003 test*******
14:06:11.485 [main] INFO  testCases.TC003_LoginDDT - ****Starting the TC003 test*******
14:11:59.899 [main] INFO  org.testng.internal.Utils - [TestNG] Running:
  D:\Software\Ec WS\OpenCartv1.0.1\grouping.xml

14:12:58.195 [main] INFO  org.testng.internal.Utils - [TestNG] Running:
  D:\Software\Ec WS\OpenCartv1.0.1\grouping.xml

14:13:24.301 [main] INFO  testCases.TC002_LoginTest - ***** Starting TC002_Test*****
14:13:26.231 [main] INFO  testCases.TC002_LoginTest - ***** Finished TC002_Test*****
16:20:02.841 [main] INFO  org.testng.internal.Utils - [TestNG] Running:
  D:\Software\Ec WS\OpenCartv1.0.1\grouping.xml

16:20:32.070 [main] INFO  testCases.TC001_AccountRegisterationTest - **** Starting TC001_AccountRegisterationTest ****
16:20:32.235 [main] INFO  testCases.TC001_AccountRegisterationTest - Clicked on my account
16:20:37.877 [main] INFO  testCases.TC001_AccountRegisterationTest - Clicked on my Register
16:20:37.879 [main] INFO  testCases.TC001_AccountRegisterationTest - Providing customer details
16:20:39.972 [main] INFO  testCases.TC001_AccountRegisterationTest - Validating the expected message
16:20:40.010 [main] INFO  testCases.TC001_AccountRegisterationTest - Test finished
16:21:08.004 [main] INFO  testCases.TC002_LoginTest - ***** Starting TC002_Test*****
16:21:09.995 [main] INFO  testCases.TC002_LoginTest - ***** Finished TC002_Test*****
16:32:41.621 [main] INFO  org.testng.internal.Utils - [TestNG] Running:
  D:\Software\Ec WS\OpenCartv1.0.1\grouping.xml

16:33:08.172 [main] INFO  testCases.TC001_AccountRegisterationTest - **** Starting TC001_AccountRegisterationTest ****
16:33:08.292 [main] INFO  testCases.TC001_AccountRegisterationTest - Clicked on my account
16:33:13.959 [main] INFO  testCases.TC001_AccountRegisterationTest - Clicked on my Register
16:33:13.962 [main] INFO  testCases.TC001_AccountRegisterationTest - Providing customer details
16:33:14.568 [main] INFO  testCases.TC001_AccountRegisterationTest - Validating the expected message
16:33:15.942 [main] INFO  testCases.TC001_AccountRegisterationTest - Test finished
16:33:41.322 [main] INFO  testCases.TC002_LoginTest - ***** Starting TC002_Test*****
16:34:39.716 [main] INFO  org.testng.internal.Utils - [TestNG] Running:
  D:\Software\Ec WS\OpenCartv1.0.1\test-output\testng-failed.xml

16:34:54.629 [main] INFO  testCases.TC002_LoginTest - ***** Starting TC002_Test*****
16:34:57.362 [main] INFO  testCases.TC002_LoginTest - ***** Finished TC002_Test*****
20:15:48.313 [main] INFO  org.testng.internal.Utils - [TestNG] Running:
  D:\Software\Ec WS\OpenCartv1.0.1\master.xml

20:15:52.447 [main] INFO  testCases.TC001_AccountRegisterationTest - **** Starting TC001_AccountRegisterationTest ****
20:15:52.553 [main] INFO  testCases.TC001_AccountRegisterationTest - Clicked on my account
20:15:53.257 [main] INFO  testCases.TC001_AccountRegisterationTest - Clicked on my Register
20:15:53.261 [main] INFO  testCases.TC001_AccountRegisterationTest - Providing customer details
20:15:54.823 [main] INFO  testCases.TC001_AccountRegisterationTest - Validating the expected message
